c:\users\osama\downloads\opengl practice\opengl-practice\opengl practice\opengl practice\x64\debug\vc143.pdb
c:\users\osama\downloads\opengl practice\opengl-practice\opengl practice\opengl practice\x64\debug\vc143.idb
c:\users\osama\downloads\opengl practice\opengl-practice\opengl practice\opengl practice\x64\debug\glad.obj
c:\users\osama\downloads\opengl practice\opengl-practice\opengl practice\opengl practice\x64\debug\geometryshader.obj
c:\users\osama\downloads\opengl practice\opengl-practice\opengl practice\opengl practice\x64\debug\gammacorrection.obj
c:\users\osama\downloads\opengl practice\opengl-practice\opengl practice\opengl practice\x64\debug\gameobject.obj
c:\users\osama\downloads\opengl practice\opengl-practice\opengl practice\opengl practice\x64\debug\gamelevel.obj
c:\users\osama\downloads\opengl practice\opengl-practice\opengl practice\opengl practice\x64\debug\game.obj
c:\users\osama\downloads\opengl practice\opengl-practice\opengl practice\opengl practice\x64\debug\framebuffer.obj
c:\users\osama\downloads\opengl practice\opengl-practice\opengl practice\opengl practice\x64\debug\fragmentshaderloader.obj
c:\users\osama\downloads\opengl practice\opengl-practice\opengl practice\opengl practice\x64\debug\faceculling.obj
c:\users\osama\downloads\opengl practice\opengl-practice\opengl practice\opengl practice\x64\debug\diffuseirradiance.obj
c:\users\osama\downloads\opengl practice\opengl-practice\opengl practice\opengl practice\x64\debug\deferredshading.obj
c:\users\osama\downloads\opengl practice\opengl-practice\opengl practice\opengl practice\x64\debug\debugging.obj
c:\users\osama\downloads\opengl practice\opengl-practice\opengl practice\opengl practice\x64\debug\color.obj
c:\users\osama\downloads\opengl practice\opengl-practice\opengl practice\opengl practice\x64\debug\camera.obj
c:\users\osama\downloads\opengl practice\opengl-practice\opengl practice\opengl practice\x64\debug\bloom.obj
c:\users\osama\downloads\opengl practice\opengl-practice\opengl practice\opengl practice\x64\debug\blending.obj
c:\users\osama\downloads\opengl practice\opengl-practice\opengl practice\opengl practice\x64\debug\ballobject.obj
c:\users\osama\downloads\opengl practice\opengl-practice\opengl practice\opengl practice\x64\debug\antialiasing.obj
c:\users\osama\downloads\opengl practice\opengl-practice\opengl practice\opengl practice\x64\debug\advancedlighting.obj
c:\users\osama\downloads\opengl practice\opengl-practice\opengl practice\opengl practice\x64\debug\advanceddata.obj
c:\users\osama\downloads\opengl practice\opengl-practice\opengl practice\opengl practice\x64\debug\textrendering.obj
c:\users\osama\downloads\opengl practice\opengl-practice\opengl practice\opengl practice\x64\debug\ssao.obj
c:\users\osama\downloads\opengl practice\opengl-practice\opengl practice\opengl practice\x64\debug\spriterenderer.obj
c:\users\osama\downloads\opengl practice\opengl-practice\opengl practice\opengl practice\x64\debug\specularibl.obj
c:\users\osama\downloads\opengl practice\opengl-practice\opengl practice\opengl practice\x64\debug\skybox.obj
c:\users\osama\downloads\opengl practice\opengl-practice\opengl practice\opengl practice\x64\debug\shadowmapping.obj
c:\users\osama\downloads\opengl practice\opengl-practice\opengl practice\opengl practice\x64\debug\shaderprogram.obj
c:\users\osama\downloads\opengl practice\opengl-practice\opengl practice\opengl practice\x64\debug\resourcemanager.obj
c:\users\osama\downloads\opengl practice\opengl-practice\opengl practice\opengl practice\x64\debug\postprocessing.obj
c:\users\osama\downloads\opengl practice\opengl-practice\opengl practice\opengl practice\x64\debug\pointshadows.obj
c:\users\osama\downloads\opengl practice\opengl-practice\opengl practice\opengl practice\x64\debug\pbrlighting.obj
c:\users\osama\downloads\opengl practice\opengl-practice\opengl practice\opengl practice\x64\debug\particlegenerator.obj
c:\users\osama\downloads\opengl practice\opengl-practice\opengl practice\opengl practice\x64\debug\parallaxmapping.obj
c:\users\osama\downloads\opengl practice\opengl-practice\opengl practice\opengl practice\x64\debug\normalmapping.obj
c:\users\osama\downloads\opengl practice\opengl-practice\opengl practice\opengl practice\x64\debug\model.obj
c:\users\osama\downloads\opengl practice\opengl-practice\opengl practice\opengl practice\x64\debug\mesh.obj
c:\users\osama\downloads\opengl practice\opengl-practice\opengl practice\opengl practice\x64\debug\main.obj
c:\users\osama\downloads\opengl practice\opengl-practice\opengl practice\opengl practice\x64\debug\lighting.obj
c:\users\osama\downloads\opengl practice\opengl-practice\opengl practice\opengl practice\x64\debug\instancing.obj
c:\users\osama\downloads\opengl practice\opengl-practice\opengl practice\opengl practice\x64\debug\hdr.obj
c:\users\osama\downloads\opengl practice\opengl-practice\opengl practice\opengl practice\x64\debug\window.obj
c:\users\osama\downloads\opengl practice\opengl-practice\opengl practice\opengl practice\x64\debug\vertexshaderloader.obj
c:\users\osama\downloads\opengl practice\opengl-practice\opengl practice\opengl practice\x64\debug\texture2d.obj
c:\users\osama\downloads\opengl practice\opengl-practice\opengl practice\x64\debug\opengl practice.pdb
c:\users\osama\downloads\opengl practice\opengl-practice\opengl practice\opengl practice\x64\debug\opengl practice.tlog\cl.command.1.tlog
c:\users\osama\downloads\opengl practice\opengl-practice\opengl practice\opengl practice\x64\debug\opengl practice.tlog\cl.read.1.tlog
c:\users\osama\downloads\opengl practice\opengl-practice\opengl practice\opengl practice\x64\debug\opengl practice.tlog\cl.write.1.tlog
c:\users\osama\downloads\opengl practice\opengl-practice\opengl practice\opengl practice\x64\debug\opengl practice.tlog\link-cvtres.read.1.tlog
c:\users\osama\downloads\opengl practice\opengl-practice\opengl practice\opengl practice\x64\debug\opengl practice.tlog\link-cvtres.write.1.tlog
c:\users\osama\downloads\opengl practice\opengl-practice\opengl practice\opengl practice\x64\debug\opengl practice.tlog\link-rc.read.1.tlog
c:\users\osama\downloads\opengl practice\opengl-practice\opengl practice\opengl practice\x64\debug\opengl practice.tlog\link-rc.write.1.tlog
c:\users\osama\downloads\opengl practice\opengl-practice\opengl practice\opengl practice\x64\debug\opengl practice.tlog\link.command.1.tlog
c:\users\osama\downloads\opengl practice\opengl-practice\opengl practice\opengl practice\x64\debug\opengl practice.tlog\link.read.1.tlog
c:\users\osama\downloads\opengl practice\opengl-practice\opengl practice\opengl practice\x64\debug\opengl practice.tlog\link.read.2.tlog
c:\users\osama\downloads\opengl practice\opengl-practice\opengl practice\opengl practice\x64\debug\opengl practice.tlog\link.write.1.tlog
