  glad.c
  Camera.cpp
C:\Users\osama\Downloads\OpenGL Practice\OpenGL-Practice\OpenGL Practice\OpenGL Practice\Camera.h(16,2): warning C4091: 'static ': ignored on left of 'CameraMovement' when no variable is declared
  (compiling source file 'Camera.cpp')
  
C:\Users\osama\Downloads\OpenGL Practice\OpenGL-Practice\OpenGL Practice\OpenGL Practice\Camera.cpp(59,31): warning C4244: '=': conversion from 'double' to 'float', possible loss of data
C:\Users\osama\Downloads\OpenGL Practice\OpenGL-Practice\OpenGL Practice\OpenGL Practice\Camera.cpp(60,31): warning C4244: '=': conversion from 'double' to 'float', possible loss of data
  Color.cpp
  FragmentShaderLoader.cpp
  Lighting.cpp
  Main.cpp
C:\Users\osama\Downloads\OpenGL Practice\OpenGL-Practice\OpenGL Practice\OpenGL Practice\Camera.h(16,2): warning C4091: 'static ': ignored on left of 'CameraMovement' when no variable is declared
  (compiling source file 'Main.cpp')
  
  ShaderProgram.cpp
C:\Users\osama\Downloads\OpenGL Practice\OpenGL-Practice\OpenGL Practice\OpenGL Practice\Camera.h(16,2): warning C4091: 'static ': ignored on left of 'CameraMovement' when no variable is declared
  (compiling source file 'ShaderProgram.cpp')
  
C:\Users\osama\Downloads\OpenGL Practice\OpenGL-Practice\OpenGL Practice\OpenGL Practice\ShaderProgram.cpp(91,21): warning C4244: '=': conversion from 'double' to 'float', possible loss of data
  VertexShaderLoader.cpp
  Window.cpp
C:\Users\osama\Downloads\OpenGL Practice\OpenGL-Practice\OpenGL Practice\OpenGL Practice\Camera.h(16,2): warning C4091: 'static ': ignored on left of 'CameraMovement' when no variable is declared
  (compiling source file 'Window.cpp')
  
C:\Users\osama\Downloads\OpenGL Practice\OpenGL-Practice\OpenGL Practice\OpenGL Practice\Window.cpp(82,29): warning C4244: '=': conversion from 'double' to 'float', possible loss of data
C:\Users\osama\Downloads\OpenGL Practice\OpenGL-Practice\OpenGL Practice\OpenGL Practice\Window.cpp(162,19): warning C4244: '=': conversion from 'double' to 'float', possible loss of data
C:\Users\osama\Downloads\OpenGL Practice\OpenGL-Practice\OpenGL Practice\OpenGL Practice\Window.cpp(163,19): warning C4244: '=': conversion from 'double' to 'float', possible loss of data
C:\Users\osama\Downloads\OpenGL Practice\OpenGL-Practice\OpenGL Practice\OpenGL Practice\Window.cpp(180,21): warning C4244: 'initializing': conversion from 'double' to 'float', possible loss of data
C:\Users\osama\Downloads\OpenGL Practice\OpenGL-Practice\OpenGL Practice\OpenGL Practice\Window.cpp(181,21): warning C4244: 'initializing': conversion from 'double' to 'float', possible loss of data
C:\Users\osama\Downloads\OpenGL Practice\OpenGL-Practice\OpenGL Practice\OpenGL Practice\Window.cpp(183,18): warning C4244: '=': conversion from 'double' to 'float', possible loss of data
C:\Users\osama\Downloads\OpenGL Practice\OpenGL-Practice\OpenGL Practice\OpenGL Practice\Window.cpp(184,18): warning C4244: '=': conversion from 'double' to 'float', possible loss of data
C:\Users\osama\Downloads\OpenGL Practice\OpenGL-Practice\OpenGL Practice\OpenGL Practice\Window.cpp(218,25): warning C4244: '-=': conversion from 'double' to 'float', possible loss of data
  Generating Code...
LINK : warning LNK4098: defaultlib 'MSVCRT' conflicts with use of other libs; use /NODEFAULTLIB:library
  OpenGL Practice.vcxproj -> C:\Users\osama\Downloads\OpenGL Practice\OpenGL-Practice\OpenGL Practice\x64\Debug\OpenGL Practice.exe
